<?xml version="1.0" encoding="UTF-8"?>
<!-- Generated by org.testng.reporters.JUnitReportReporter -->
<testsuite hostname="ATMECSBLRLT-030" failures="0" tests="1" name="com.atmecs.goibibo.LoginClass" time="46.011" errors="0" timestamp="29 Sep 2020 08:40:49 GMT" skipped="0">
  <testcase classname="com.atmecs.goibibo.LoginClass" name="loginTravels" time="46.011"/>
</testsuite> <!-- com.atmecs.goibibo.LoginClass -->
