<?xml version="1.0" encoding="UTF-8"?>
<!-- Generated by org.testng.reporters.JUnitReportReporter -->
<testsuite hostname="ATMECSBLRLT-030" failures="0" tests="1" name="com.atmecs.goibibo.LoginClass" time="42.671" errors="0" timestamp="24 Sep 2020 12:13:41 GMT" skipped="0">
  <testcase classname="com.atmecs.goibibo.LoginClass" name="loginTravels" time="42.671"/>
</testsuite> <!-- com.atmecs.goibibo.LoginClass -->
