<?xml version="1.0" encoding="UTF-8"?>
<!-- Generated by org.testng.reporters.JUnitReportReporter -->
<testsuite hostname="ATMECSBLRLT-030" failures="0" tests="1" name="com.atmecs.goibibo.BookingClass" time="12.081" errors="0" timestamp="29 Sep 2020 08:40:49 GMT" skipped="0">
  <testcase classname="com.atmecs.goibibo.BookingClass" name="book" time="12.081"/>
</testsuite> <!-- com.atmecs.goibibo.BookingClass -->
